0 info it worked if it ends with ok
1 verbose cli [ '/Users/Home/.nvm/v0.11.12/bin/node',
1 verbose cli   '/Users/Home/.nvm/v0.11.12/bin/npm',
1 verbose cli   'start' ]
2 info using npm@1.4.3
3 info using node@v0.11.12
4 verbose run-script [ 'prestart', 'start', 'poststart' ]
5 info prestart Drywall@0.9.31
6 info start Drywall@0.9.31
7 verbose unsafe-perm in lifecycle true
8 info Drywall@0.9.31 Failed to exec start script
9 error Drywall@0.9.31 start: `node app.js`
9 error Exit status 1
10 error Failed at the Drywall@0.9.31 start script.
10 error This is most likely a problem with the Drywall package,
10 error not with npm itself.
10 error Tell the author that this fails on your system:
10 error     node app.js
10 error You can get their info via:
10 error     npm owner ls Drywall
10 error There is likely additional logging output above.
11 error System Darwin 13.1.0
12 error command "/Users/Home/.nvm/v0.11.12/bin/node" "/Users/Home/.nvm/v0.11.12/bin/npm" "start"
13 error cwd /Users/Home/Desktop/development/drywall
14 error node -v v0.11.12
15 error npm -v 1.4.3
16 error code ELIFECYCLE
17 verbose exit [ 1, true ]
